D:\PROJECTS\PRIMITIVEPERCEPTON\PRIMITIVEPERCEPTON\DEBUG\PRIMITIVEPERCEPTON.PCH
D:\PROJECTS\PRIMITIVEPERCEPTON\PRIMITIVEPERCEPTON\DEBUG\STDAFX.OBJ
D:\PROJECTS\PRIMITIVEPERCEPTON\PRIMITIVEPERCEPTON\DEBUG\VC110.PDB
D:\PROJECTS\PRIMITIVEPERCEPTON\PRIMITIVEPERCEPTON\DEBUG\PRIMITIVEPERCEPTON.OBJ
D:\PROJECTS\PRIMITIVEPERCEPTON\DEBUG\PRIMITIVEPERCEPTON.ILK
D:\PROJECTS\PRIMITIVEPERCEPTON\DEBUG\PRIMITIVEPERCEPTON.EXE
D:\PROJECTS\PRIMITIVEPERCEPTON\DEBUG\PRIMITIVEPERCEPTON.PDB
D:\Projects\PrimitivePercepton\PrimitivePercepton\Debug\stdafx.obj
D:\Projects\PrimitivePercepton\PrimitivePercepton\Debug\cl.command.1.tlog
D:\Projects\PrimitivePercepton\PrimitivePercepton\Debug\CL.read.1.tlog
D:\Projects\PrimitivePercepton\PrimitivePercepton\Debug\CL.write.1.tlog
D:\Projects\PrimitivePercepton\PrimitivePercepton\Debug\link-cvtres.read.1.tlog
D:\Projects\PrimitivePercepton\PrimitivePercepton\Debug\link-cvtres.write.1.tlog
D:\Projects\PrimitivePercepton\PrimitivePercepton\Debug\link-rc.read.1.tlog
D:\Projects\PrimitivePercepton\PrimitivePercepton\Debug\link-rc.write.1.tlog
D:\Projects\PrimitivePercepton\PrimitivePercepton\Debug\link.command.1.tlog
D:\Projects\PrimitivePercepton\PrimitivePercepton\Debug\link.read.1.tlog
D:\Projects\PrimitivePercepton\PrimitivePercepton\Debug\link.write.1.tlog
D:\Projects\PrimitivePercepton\PrimitivePercepton\Debug\PrimitivePercepton.pch
D:\Projects\PrimitivePercepton\PrimitivePercepton\Debug\vc110.idb
D:\Projects\PrimitivePercepton\PrimitivePercepton\Debug\vc110.pdb
D:\Projects\PrimitivePercepton\Debug\PrimitivePercepton.pdb
D:\Projects\PrimitivePercepton\Debug\PrimitivePercepton.exe
D:\Projects\PrimitivePercepton\Debug\PrimitivePercepton.ilk
